<?xml version="1.0" encoding="UTF-8" ?>
<testsuite failures="0" time="0.022" errors="0" skipped="0" tests="3" name="org.drools.guvnor.client.explorer.navigation.tasks.TasksNavigationItemBuilderTest">
  <properties>
    <property name="java.runtime.name" value="Java(TM) SE Runtime Environment"/>
    <property name="sun.boot.library.path" value="/local/dev/jdk1.6.0_29/jre/lib/i386"/>
    <property name="java.vm.version" value="20.4-b02"/>
    <property name="java.vm.vendor" value="Sun Microsystems Inc."/>
    <property name="java.vendor.url" value="http://java.sun.com/"/>
    <property name="path.separator" value=":"/>
    <property name="guice.disable.misplaced.annotation.check" value="true"/>
    <property name="java.vm.name" value="Java HotSpot(TM) Server VM"/>
    <property name="file.encoding.pkg" value="sun.io"/>
    <property name="user.country" value="US"/>
    <property name="sun.java.launcher" value="SUN_STANDARD"/>
    <property name="sun.os.patch.level" value="unknown"/>
    <property name="java.vm.specification.name" value="Java Virtual Machine Specification"/>
    <property name="user.dir" value="/local/git/guvnor"/>
    <property name="java.runtime.version" value="1.6.0_29-b11"/>
    <property name="java.awt.graphicsenv" value="sun.awt.X11GraphicsEnvironment"/>
    <property name="java.endorsed.dirs" value="/local/dev/jdk1.6.0_29/jre/lib/endorsed"/>
    <property name="os.arch" value="i386"/>
    <property name="java.io.tmpdir" value="/tmp"/>
    <property name="line.separator" value="
"/>
    <property name="java.vm.specification.vendor" value="Sun Microsystems Inc."/>
    <property name="os.name" value="Linux"/>
    <property name="classworlds.conf" value="/local/dev/apache-maven-3.0.3/bin/m2.conf"/>
    <property name="sun.jnu.encoding" value="UTF-8"/>
    <property name="java.library.path" value="/local/dev/jdk1.6.0_29/jre/lib/i386/server:/local/dev/jdk1.6.0_29/jre/lib/i386:/local/dev/jdk1.6.0_29/jre/../lib/i386:/usr/java/packages/lib/i386:/lib:/usr/lib"/>
    <property name="java.specification.name" value="Java Platform API Specification"/>
    <property name="java.class.version" value="50.0"/>
    <property name="sun.management.compiler" value="HotSpot Tiered Compilers"/>
    <property name="os.version" value="2.6.26.8-57.fc8"/>
    <property name="user.home" value="/home/jliu"/>
    <property name="user.timezone" value="Asia/Shanghai"/>
    <property name="java.awt.printerjob" value="sun.print.PSPrinterJob"/>
    <property name="file.encoding" value="UTF-8"/>
    <property name="java.specification.version" value="1.6"/>
    <property name="user.name" value="jliu"/>
    <property name="java.class.path" value="/local/dev/apache-maven-3.0.3/boot/plexus-classworlds-2.4.jar"/>
    <property name="java.vm.specification.version" value="1.0"/>
    <property name="sun.arch.data.model" value="32"/>
    <property name="java.home" value="/local/dev/jdk1.6.0_29/jre"/>
    <property name="sun.java.command" value="org.codehaus.plexus.classworlds.launcher.Launcher integration-test"/>
    <property name="java.specification.vendor" value="Sun Microsystems Inc."/>
    <property name="user.language" value="en"/>
    <property name="java.vm.info" value="mixed mode"/>
    <property name="java.version" value="1.6.0_29"/>
    <property name="java.ext.dirs" value="/local/dev/jdk1.6.0_29/jre/lib/ext:/usr/java/packages/lib/ext"/>
    <property name="securerandom.source" value="file:/dev/./urandom"/>
    <property name="sun.boot.class.path" value="/local/dev/jdk1.6.0_29/jre/lib/resources.jar:/local/dev/jdk1.6.0_29/jre/lib/rt.jar:/local/dev/jdk1.6.0_29/jre/lib/sunrsasign.jar:/local/dev/jdk1.6.0_29/jre/lib/jsse.jar:/local/dev/jdk1.6.0_29/jre/lib/jce.jar:/local/dev/jdk1.6.0_29/jre/lib/charsets.jar:/local/dev/jdk1.6.0_29/jre/lib/modules/jdk.boot.jar:/local/dev/jdk1.6.0_29/jre/classes"/>
    <property name="java.vendor" value="Sun Microsystems Inc."/>
    <property name="maven.home" value="/local/dev/apache-maven-3.0.3"/>
    <property name="file.separator" value="/"/>
    <property name="java.vendor.url.bug" value="http://java.sun.com/cgi-bin/bugreport.cgi"/>
    <property name="sun.cpu.endian" value="little"/>
    <property name="sun.io.unicode.encoding" value="UnicodeLittle"/>
    <property name="sun.desktop" value="gnome"/>
    <property name="sun.cpu.isalist" value=""/>
  </properties>
  <testcase time="0.014" classname="org.drools.guvnor.client.explorer.navigation.tasks.TasksNavigationItemBuilderTest" name="testAlwaysBuilds"/>
  <testcase time="0" classname="org.drools.guvnor.client.explorer.navigation.tasks.TasksNavigationItemBuilderTest" name="testHeader"/>
  <testcase time="0.008" classname="org.drools.guvnor.client.explorer.navigation.tasks.TasksNavigationItemBuilderTest" name="testContent"/>
</testsuite>